<?xml version="1.0" encoding="UTF-8"?>
<!-- Generated by org.testng.reporters.JUnitReportReporter -->
<testsuite name="Testcases.Testcase1" tests="1" time="20.946" ignored="0" failures="0" timestamp="28 Feb 2021 16:57:33 GMT" skipped="0" hostname="aparna" errors="0">
  <testcase name="verifyTitleGoogle" time="20.946" classname="Testcases.Testcase1"/>
</testsuite> <!-- Testcases.Testcase1 -->
